<?xml version="1.0" encoding="UTF-8"?>
<!-- Generated by org.testng.reporters.JUnitReportReporter -->
<testsuite hostname="DESKTOP-N6MFGBF" name="gitHubTest.GitHubTest" tests="1" failures="0" timestamp="2 Jun 2019 06:38:35 GMT" time="32.319" errors="0">
  <testcase name="loginTest" time="32.319" classname="gitHubTest.GitHubTest"/>
</testsuite> <!-- gitHubTest.GitHubTest -->
